Using pre-set license
Built from '2021.3/staging' branch; Version is '2021.3.6f1 (7da38d85baf6) revision 8233869'; Using compiler version '192829333'; Build Type 'Release'
OS: 'Windows 10  (10.0.19045) 64bit Core' Language: 'es' Physical Memory: 16260 MB
BatchMode: 1, IsHumanControllingUs: 0, StartBugReporterOnCrash: 0, Is64bit: 1, IsPro: 1

COMMAND LINE ARGUMENTS:
C:\Program Files\Unity\Hub\Editor\2021.3.6f1\Editor\Unity.exe
-adb2
-batchMode
-noUpm
-name
AssetImportWorker0
-projectPath
C:/Users/danif/Documents/GitHub/BlackJack/BlackJack
-logFile
Logs/AssetImportWorker0.log
-srvPort
53474
Successfully changed project path to: C:/Users/danif/Documents/GitHub/BlackJack/BlackJack
C:/Users/danif/Documents/GitHub/BlackJack/BlackJack
[UnityMemory] Configuration Parameters - Can be set up in boot.config
    "memorysetup-bucket-allocator-granularity=16"
    "memorysetup-bucket-allocator-bucket-count=8"
    "memorysetup-bucket-allocator-block-size=33554432"
    "memorysetup-bucket-allocator-block-count=8"
    "memorysetup-main-allocator-block-size=16777216"
    "memorysetup-thread-allocator-block-size=16777216"
    "memorysetup-gfx-main-allocator-block-size=16777216"
    "memorysetup-gfx-thread-allocator-block-size=16777216"
    "memorysetup-cache-allocator-block-size=4194304"
    "memorysetup-typetree-allocator-block-size=2097152"
    "memorysetup-profiler-bucket-allocator-granularity=16"
    "memorysetup-profiler-bucket-allocator-bucket-count=8"
    "memorysetup-profiler-bucket-allocator-block-size=33554432"
    "memorysetup-profiler-bucket-allocator-block-count=8"
    "memorysetup-profiler-allocator-block-size=16777216"
    "memorysetup-profiler-editor-allocator-block-size=1048576"
    "memorysetup-temp-allocator-size-main=16777216"
    "memorysetup-job-temp-allocator-block-size=2097152"
    "memorysetup-job-temp-allocator-block-size-background=1048576"
    "memorysetup-job-temp-allocator-reduction-small-platforms=262144"
    "memorysetup-temp-allocator-size-background-worker=32768"
    "memorysetup-temp-allocator-size-job-worker=262144"
    "memorysetup-temp-allocator-size-preload-manager=33554432"
    "memorysetup-temp-allocator-size-nav-mesh-worker=65536"
    "memorysetup-temp-allocator-size-audio-worker=65536"
    "memorysetup-temp-allocator-size-cloud-worker=32768"
    "memorysetup-temp-allocator-size-gi-baking-worker=262144"
    "memorysetup-temp-allocator-size-gfx=262144"
Refreshing native plugins compatible for Editor in 93.94 ms, found 3 plugins.
Preloading 0 native plugins for Editor in 0.00 ms.
Initialize engine version: 2021.3.6f1 (7da38d85baf6)
[Subsystems] Discovering subsystems at path C:/Program Files/Unity/Hub/Editor/2021.3.6f1/Editor/Data/Resources/UnitySubsystems
[Subsystems] Discovering subsystems at path C:/Users/danif/Documents/GitHub/BlackJack/BlackJack/Assets
GfxDevice: creating device client; threaded=0; jobified=0
Direct3D:
    Version:  Direct3D 11.0 [level 11.1]
    Renderer: NVIDIA GeForce GTX 1070 (ID=0x1be1)
    Vendor:   NVIDIA
    VRAM:     8081 MB
    Driver:   30.0.15.1278
Initialize mono
Mono path[0] = 'C:/Program Files/Unity/Hub/Editor/2021.3.6f1/Editor/Data/Managed'
Mono path[1] = 'C:/Program Files/Unity/Hub/Editor/2021.3.6f1/Editor/Data/MonoBleedingEdge/lib/mono/unityjit-win32'
Mono config path = 'C:/Program Files/Unity/Hub/Editor/2021.3.6f1/Editor/Data/MonoBleedingEdge/etc'
Using monoOptions --debugger-agent=transport=dt_socket,embedding=1,server=y,suspend=n,address=127.0.0.1:56388
Begin MonoManager ReloadAssembly
Registering precompiled unity dll's ...
Register platform support module: C:/Program Files/Unity/Hub/Editor/2021.3.6f1/Editor/Data/PlaybackEngines/WebGLSupport/UnityEditor.WebGL.Extensions.dll
Register platform support module: C:/Program Files/Unity/Hub/Editor/2021.3.6f1/Editor/Data/PlaybackEngines/AndroidPlayer/UnityEditor.Android.Extensions.dll
Register platform support module: C:/Program Files/Unity/Hub/Editor/2021.3.6f1/Editor/Data/PlaybackEngines/WindowsStandaloneSupport/UnityEditor.WindowsStandalone.Extensions.dll
Registered in 0.010523 seconds.
Native extension for WindowsStandalone target not found
Native extension for Android target not found
Native extension for WebGL target not found
Refreshing native plugins compatible for Editor in 95.99 ms, found 3 plugins.
Preloading 0 native plugins for Editor in 0.00 ms.
Mono: successfully reloaded assembly
- Completed reload, in  0.705 seconds
Domain Reload Profiling:
	ReloadAssembly (706ms)
		BeginReloadAssembly (76ms)
			ExecutionOrderSort (0ms)
			DisableScriptedObjects (0ms)
			BackupInstance (0ms)
			ReleaseScriptingObjects (0ms)
			CreateAndSetChildDomain (1ms)
		EndReloadAssembly (509ms)
			LoadAssemblies (75ms)
			RebuildTransferFunctionScriptingTraits (0ms)
			SetupTypeCache (116ms)
			ReleaseScriptCaches (0ms)
			RebuildScriptCaches (31ms)
			SetupLoadedEditorAssemblies (308ms)
				LogAssemblyErrors (0ms)
				InitializePlatformSupportModulesInManaged (61ms)
				SetLoadedEditorAssemblies (0ms)
				RefreshPlugins (96ms)
				BeforeProcessingInitializeOnLoad (1ms)
				ProcessInitializeOnLoadAttributes (104ms)
				ProcessInitializeOnLoadMethodAttributes (45ms)
				AfterProcessingInitializeOnLoad (0ms)
				EditorAssembliesLoaded (0ms)
			ExecutionOrderSort2 (0ms)
			AwakeInstancesAfterBackupRestoration (0ms)
Platform modules already initialized, skipping
Registering precompiled user dll's ...
Registered in 0.006943 seconds.
Begin MonoManager ReloadAssembly
Symbol file LoadedFromMemory doesn't match image C:\Users\danif\Documents\GitHub\BlackJack\BlackJack\Library\PackageCache\com.unity.visualscripting@1.7.8\Editor\VisualScripting.Core\Dependencies\YamlDotNet\Unity.VisualScripting.YamlDotNet.dll
Symbol file LoadedFromMemory doesn't match image C:\Users\danif\Documents\GitHub\BlackJack\BlackJack\Library\PackageCache\com.unity.visualscripting@1.7.8\Editor\VisualScripting.Core\Dependencies\DotNetZip\Unity.VisualScripting.IonicZip.dll
Native extension for WindowsStandalone target not found
Native extension for Android target not found
Native extension for WebGL target not found
Refreshing native plugins compatible for Editor in 0.58 ms, found 3 plugins.
Preloading 0 native plugins for Editor in 0.00 ms.
Mono: successfully reloaded assembly
- Completed reload, in  1.249 seconds
Domain Reload Profiling:
	ReloadAssembly (1250ms)
		BeginReloadAssembly (226ms)
			ExecutionOrderSort (0ms)
			DisableScriptedObjects (8ms)
			BackupInstance (0ms)
			ReleaseScriptingObjects (0ms)
			CreateAndSetChildDomain (127ms)
		EndReloadAssembly (905ms)
			LoadAssemblies (88ms)
			RebuildTransferFunctionScriptingTraits (0ms)
			SetupTypeCache (295ms)
			ReleaseScriptCaches (1ms)
			RebuildScriptCaches (56ms)
			SetupLoadedEditorAssemblies (423ms)
				LogAssemblyErrors (0ms)
				InitializePlatformSupportModulesInManaged (20ms)
				SetLoadedEditorAssemblies (1ms)
				RefreshPlugins (1ms)
				BeforeProcessingInitializeOnLoad (104ms)
				ProcessInitializeOnLoadAttributes (249ms)
				ProcessInitializeOnLoadMethodAttributes (35ms)
				AfterProcessingInitializeOnLoad (13ms)
				EditorAssembliesLoaded (0ms)
			ExecutionOrderSort2 (0ms)
			AwakeInstancesAfterBackupRestoration (8ms)
Platform modules already initialized, skipping
========================================================================
Worker process is ready to serve import requests
Launched and connected shader compiler UnityShaderCompiler.exe after 0.04 seconds
Refreshing native plugins compatible for Editor in 0.58 ms, found 3 plugins.
Preloading 0 native plugins for Editor in 0.00 ms.
Unloading 3425 Unused Serialized files (Serialized files now loaded: 0)
Unloading 26 unused Assets / (82.4 KB). Loaded Objects now: 3886.
Memory consumption went from 119.5 MB to 119.4 MB.
Total: 3.450100 ms (FindLiveObjects: 0.258900 ms CreateObjectMapping: 0.184300 ms MarkObjects: 2.919400 ms  DeleteObjects: 0.086800 ms)

AssetImportParameters requested are different than current active one (requested -> active):
  custom:video-decoder-ogg-theora: a1e56fd34408186e4bbccfd4996cb3dc -> 
  custom:container-muxer-webm: aa71ff27fc2769a1b78a27578f13a17b -> 
  custom:container-demuxer-webm: 4f35f7cbe854078d1ac9338744f61a02 -> 
  custom:video-encoder-webm-vp8: eb34c28f22e8b96e1ab97ce403110664 -> 
  custom:audio-encoder-webm-vorbis: bf7c407c2cedff20999df2af8eb42d56 -> 
  custom:framework-win-MediaFoundation: 216162199b28c13a410421893ffa2e32 -> 
  custom:container-demuxer-ogg: 62fdf1f143b41e24485cea50d1cbac27 -> 
  custom:video-decoder-webm-vp8: 9c59270c3fd7afecdb556c50c9e8de78 -> 
  custom:audio-decoder-ogg-vorbis: bf7c407c2cedff20999df2af8eb42d56 -> 
========================================================================
Received Import Request.
  Time since last request: 98231.518994 seconds.
  path: Assets/Data/Sprites/Cartas.png
  artifactKey: Guid(44dd416738e33fb4b9e4d552d8bd05de) Importer(815301076,1909f56bfc062723c751e8b465ee728b)
Start importing Assets/Data/Sprites/Cartas.png using Guid(44dd416738e33fb4b9e4d552d8bd05de) Importer(815301076,1909f56bfc062723c751e8b465ee728b)  -> (artifact id: '8f7317adcbe3336c9e1a9ac7d4d81512') in 0.091085 seconds 
========================================================================
Received Import Request.
  Time since last request: 9.664018 seconds.
  path: Assets/Data/Sprites/Cartas.png
  artifactKey: Guid(44dd416738e33fb4b9e4d552d8bd05de) Importer(815301076,1909f56bfc062723c751e8b465ee728b)
Start importing Assets/Data/Sprites/Cartas.png using Guid(44dd416738e33fb4b9e4d552d8bd05de) Importer(815301076,1909f56bfc062723c751e8b465ee728b)  -> (artifact id: '7d24e246bfbc20f7d654c63511fbe150') in 0.019046 seconds 
========================================================================
Received Import Request.
  Time since last request: 73.769219 seconds.
  path: Assets/Data/Sprites/Cartas.png
  artifactKey: Guid(44dd416738e33fb4b9e4d552d8bd05de) Importer(815301076,1909f56bfc062723c751e8b465ee728b)
Start importing Assets/Data/Sprites/Cartas.png using Guid(44dd416738e33fb4b9e4d552d8bd05de) Importer(815301076,1909f56bfc062723c751e8b465ee728b)  -> (artifact id: 'a9167412914c66c5e2bfc19b3b13e7ae') in 0.448124 seconds 
========================================================================
Received Import Request.
  Time since last request: 26.715424 seconds.
  path: Assets/Data/Sprites/Cartas.png
  artifactKey: Guid(44dd416738e33fb4b9e4d552d8bd05de) Importer(815301076,1909f56bfc062723c751e8b465ee728b)
Start importing Assets/Data/Sprites/Cartas.png using Guid(44dd416738e33fb4b9e4d552d8bd05de) Importer(815301076,1909f56bfc062723c751e8b465ee728b)  -> (artifact id: 'a5814e77cf5bb3dda016fce8b8a5b987') in 0.059955 seconds 
========================================================================
Received Import Request.
  Time since last request: 2.711283 seconds.
  path: Assets/Data/Sprites/Cartas.png
  artifactKey: Guid(44dd416738e33fb4b9e4d552d8bd05de) Importer(815301076,1909f56bfc062723c751e8b465ee728b)
Start importing Assets/Data/Sprites/Cartas.png using Guid(44dd416738e33fb4b9e4d552d8bd05de) Importer(815301076,1909f56bfc062723c751e8b465ee728b)  -> (artifact id: '965934a766d7b37d10f51ac317aac956') in 0.435321 seconds 
========================================================================
Received Import Request.
  Time since last request: 117.944603 seconds.
  path: Assets/Data/Sprites/Cartas.png
  artifactKey: Guid(44dd416738e33fb4b9e4d552d8bd05de) Importer(815301076,1909f56bfc062723c751e8b465ee728b)
Start importing Assets/Data/Sprites/Cartas.png using Guid(44dd416738e33fb4b9e4d552d8bd05de) Importer(815301076,1909f56bfc062723c751e8b465ee728b)  -> (artifact id: 'af24ad97e3440ad07a646cad9330ec63') in 0.018242 seconds 
========================================================================
Received Import Request.
  Time since last request: 9.836552 seconds.
  path: Assets/Data/Sprites/Cartas.png
  artifactKey: Guid(44dd416738e33fb4b9e4d552d8bd05de) Importer(815301076,1909f56bfc062723c751e8b465ee728b)
Start importing Assets/Data/Sprites/Cartas.png using Guid(44dd416738e33fb4b9e4d552d8bd05de) Importer(815301076,1909f56bfc062723c751e8b465ee728b)  -> (artifact id: '485c7bf4b0ae5d3eafb9364e33aed7f6') in 0.013534 seconds 
========================================================================
Received Import Request.
  Time since last request: 15.115362 seconds.
  path: Assets/Data/Sprites/Cartas.png
  artifactKey: Guid(44dd416738e33fb4b9e4d552d8bd05de) Importer(815301076,1909f56bfc062723c751e8b465ee728b)
Start importing Assets/Data/Sprites/Cartas.png using Guid(44dd416738e33fb4b9e4d552d8bd05de) Importer(815301076,1909f56bfc062723c751e8b465ee728b)  -> (artifact id: 'ac7a74ade7306ad1f4b1bca2953757f2') in 0.014559 seconds 
========================================================================
Received Import Request.
  Time since last request: 33.922854 seconds.
  path: Assets/Data/Sprites/Cartas.png
  artifactKey: Guid(44dd416738e33fb4b9e4d552d8bd05de) Importer(815301076,1909f56bfc062723c751e8b465ee728b)
Start importing Assets/Data/Sprites/Cartas.png using Guid(44dd416738e33fb4b9e4d552d8bd05de) Importer(815301076,1909f56bfc062723c751e8b465ee728b)  -> (artifact id: '6c365e2f4e6bd9b31e652151bd4ba2b3') in 0.021429 seconds 
========================================================================
Received Import Request.
  Time since last request: 62.502315 seconds.
  path: Assets/Data/Sprites/Cartas.png
  artifactKey: Guid(44dd416738e33fb4b9e4d552d8bd05de) Importer(815301076,1909f56bfc062723c751e8b465ee728b)
Start importing Assets/Data/Sprites/Cartas.png using Guid(44dd416738e33fb4b9e4d552d8bd05de) Importer(815301076,1909f56bfc062723c751e8b465ee728b)  -> (artifact id: '561782a96e53be170bcde2c12e0892d5') in 0.066094 seconds 
========================================================================
Received Import Request.
  Time since last request: 40.130550 seconds.
  path: Assets/Data/Sprites/Cartas.png
  artifactKey: Guid(44dd416738e33fb4b9e4d552d8bd05de) Importer(815301076,1909f56bfc062723c751e8b465ee728b)
Start importing Assets/Data/Sprites/Cartas.png using Guid(44dd416738e33fb4b9e4d552d8bd05de) Importer(815301076,1909f56bfc062723c751e8b465ee728b)  -> (artifact id: '5ee3fff312d2440e07e667961a19f11f') in 0.058426 seconds 
========================================================================
Received Import Request.
  Time since last request: 50.266702 seconds.
  path: Assets/Data/Sprites/Cartas.png
  artifactKey: Guid(44dd416738e33fb4b9e4d552d8bd05de) Importer(815301076,1909f56bfc062723c751e8b465ee728b)
Start importing Assets/Data/Sprites/Cartas.png using Guid(44dd416738e33fb4b9e4d552d8bd05de) Importer(815301076,1909f56bfc062723c751e8b465ee728b)  -> (artifact id: 'b913d345ea6c05a4455ea5ee1a77d07e') in 0.065648 seconds 
========================================================================
Received Import Request.
  Time since last request: 48.426476 seconds.
  path: Assets/Data/Sprites/Cartas.png
  artifactKey: Guid(44dd416738e33fb4b9e4d552d8bd05de) Importer(815301076,1909f56bfc062723c751e8b465ee728b)
Start importing Assets/Data/Sprites/Cartas.png using Guid(44dd416738e33fb4b9e4d552d8bd05de) Importer(815301076,1909f56bfc062723c751e8b465ee728b)  -> (artifact id: '97d0e6179ce25a729f393c9e2b384b0c') in 0.092152 seconds 
========================================================================
Received Import Request.
  Time since last request: 40.994093 seconds.
  path: Assets/Data/Sprites/Cartas.png
  artifactKey: Guid(44dd416738e33fb4b9e4d552d8bd05de) Importer(815301076,1909f56bfc062723c751e8b465ee728b)
Start importing Assets/Data/Sprites/Cartas.png using Guid(44dd416738e33fb4b9e4d552d8bd05de) Importer(815301076,1909f56bfc062723c751e8b465ee728b)  -> (artifact id: 'c0397055b247c52c3ad506851b8c9a4f') in 0.111011 seconds 
========================================================================
Received Import Request.
  Time since last request: 251.253463 seconds.
  path: Assets/Data/Sprites/Cartas.png
  artifactKey: Guid(44dd416738e33fb4b9e4d552d8bd05de) Importer(815301076,1909f56bfc062723c751e8b465ee728b)
Start importing Assets/Data/Sprites/Cartas.png using Guid(44dd416738e33fb4b9e4d552d8bd05de) Importer(815301076,1909f56bfc062723c751e8b465ee728b)  -> (artifact id: '8e77ead611bd4e2289fd21c9b02b8b54') in 0.144491 seconds 
========================================================================
Received Import Request.
  Time since last request: 1507.065254 seconds.
  path: Assets/Data/Prefabs
  artifactKey: Guid(cff0cc70a40a2fa4db113888e83348e4) Importer(815301076,1909f56bfc062723c751e8b465ee728b)
Start importing Assets/Data/Prefabs using Guid(cff0cc70a40a2fa4db113888e83348e4) Importer(815301076,1909f56bfc062723c751e8b465ee728b)  -> (artifact id: '9ab702047feb9621437f0d3a1142562c') in 0.003479 seconds 
========================================================================
Received Import Request.
  Time since last request: 0.032891 seconds.
  path: Assets/Data/Prefabs/Buton.prefab
  artifactKey: Guid(fc13b2eb20fbbbc4980ad3dda8aaf420) Importer(815301076,1909f56bfc062723c751e8b465ee728b)
Start importing Assets/Data/Prefabs/Buton.prefab using Guid(fc13b2eb20fbbbc4980ad3dda8aaf420) Importer(815301076,1909f56bfc062723c751e8b465ee728b)  -> (artifact id: 'd1ffe42d6e8561872a2c73bfb4f86caa') in 0.022934 seconds 
========================================================================
Received Import Request.
  Time since last request: 55.420156 seconds.
  path: Assets/Data/Scripts/Scriptables/Cart.cs
  artifactKey: Guid(429cb2c5faa8be34d8bca79bd16b8dc8) Importer(815301076,1909f56bfc062723c751e8b465ee728b)
Start importing Assets/Data/Scripts/Scriptables/Cart.cs using Guid(429cb2c5faa8be34d8bca79bd16b8dc8) Importer(815301076,1909f56bfc062723c751e8b465ee728b)  -> (artifact id: '2c3ceaed11d660c0520daeccade35a2c') in 0.010565 seconds 
========================================================================
Received Prepare
Registering precompiled user dll's ...
Registered in 0.006290 seconds.
Begin MonoManager ReloadAssembly
Symbol file LoadedFromMemory doesn't match image C:\Users\danif\Documents\GitHub\BlackJack\BlackJack\Library\PackageCache\com.unity.visualscripting@1.7.8\Editor\VisualScripting.Core\Dependencies\YamlDotNet\Unity.VisualScripting.YamlDotNet.dll
Symbol file LoadedFromMemory doesn't match image C:\Users\danif\Documents\GitHub\BlackJack\BlackJack\Library\PackageCache\com.unity.visualscripting@1.7.8\Editor\VisualScripting.Core\Dependencies\DotNetZip\Unity.VisualScripting.IonicZip.dll
Native extension for WindowsStandalone target not found
Native extension for Android target not found
Native extension for WebGL target not found
Refreshing native plugins compatible for Editor in 0.56 ms, found 3 plugins.
Preloading 0 native plugins for Editor in 0.00 ms.
Mono: successfully reloaded assembly
- Completed reload, in  1.048 seconds
Domain Reload Profiling:
	ReloadAssembly (1048ms)
		BeginReloadAssembly (143ms)
			ExecutionOrderSort (0ms)
			DisableScriptedObjects (5ms)
			BackupInstance (0ms)
			ReleaseScriptingObjects (0ms)
			CreateAndSetChildDomain (44ms)
		EndReloadAssembly (793ms)
			LoadAssemblies (85ms)
			RebuildTransferFunctionScriptingTraits (0ms)
			SetupTypeCache (267ms)
			ReleaseScriptCaches (1ms)
			RebuildScriptCaches (43ms)
			SetupLoadedEditorAssemblies (360ms)
				LogAssemblyErrors (0ms)
				InitializePlatformSupportModulesInManaged (25ms)
				SetLoadedEditorAssemblies (0ms)
				RefreshPlugins (1ms)
				BeforeProcessingInitializeOnLoad (77ms)
				ProcessInitializeOnLoadAttributes (220ms)
				ProcessInitializeOnLoadMethodAttributes (26ms)
				AfterProcessingInitializeOnLoad (9ms)
				EditorAssembliesLoaded (0ms)
			ExecutionOrderSort2 (0ms)
			AwakeInstancesAfterBackupRestoration (7ms)
Platform modules already initialized, skipping
Refreshing native plugins compatible for Editor in 2.90 ms, found 3 plugins.
Preloading 0 native plugins for Editor in 0.00 ms.
Unloading 3406 Unused Serialized files (Serialized files now loaded: 0)
Unloading 22 unused Assets / (52.0 KB). Loaded Objects now: 3913.
Memory consumption went from 122.5 MB to 122.5 MB.
Total: 3.404600 ms (FindLiveObjects: 0.254200 ms CreateObjectMapping: 0.145700 ms MarkObjects: 2.928500 ms  DeleteObjects: 0.075300 ms)

AssetImportParameters requested are different than current active one (requested -> active):
  custom:video-decoder-ogg-theora: a1e56fd34408186e4bbccfd4996cb3dc -> 
  custom:container-muxer-webm: aa71ff27fc2769a1b78a27578f13a17b -> 
  custom:container-demuxer-webm: 4f35f7cbe854078d1ac9338744f61a02 -> 
  custom:video-encoder-webm-vp8: eb34c28f22e8b96e1ab97ce403110664 -> 
  custom:audio-encoder-webm-vorbis: bf7c407c2cedff20999df2af8eb42d56 -> 
  custom:framework-win-MediaFoundation: 216162199b28c13a410421893ffa2e32 -> 
  custom:container-demuxer-ogg: 62fdf1f143b41e24485cea50d1cbac27 -> 
  custom:video-decoder-webm-vp8: 9c59270c3fd7afecdb556c50c9e8de78 -> 
  custom:audio-decoder-ogg-vorbis: bf7c407c2cedff20999df2af8eb42d56 -> 
========================================================================
Received Prepare
Registering precompiled user dll's ...
Registered in 0.006597 seconds.
Begin MonoManager ReloadAssembly
Symbol file LoadedFromMemory doesn't match image C:\Users\danif\Documents\GitHub\BlackJack\BlackJack\Library\PackageCache\com.unity.visualscripting@1.7.8\Editor\VisualScripting.Core\Dependencies\YamlDotNet\Unity.VisualScripting.YamlDotNet.dll
Symbol file LoadedFromMemory doesn't match image C:\Users\danif\Documents\GitHub\BlackJack\BlackJack\Library\PackageCache\com.unity.visualscripting@1.7.8\Editor\VisualScripting.Core\Dependencies\DotNetZip\Unity.VisualScripting.IonicZip.dll
Native extension for WindowsStandalone target not found
Native extension for Android target not found
Native extension for WebGL target not found
Refreshing native plugins compatible for Editor in 0.56 ms, found 3 plugins.
Preloading 0 native plugins for Editor in 0.00 ms.
Mono: successfully reloaded assembly
- Completed reload, in  1.289 seconds
Domain Reload Profiling:
	ReloadAssembly (1290ms)
		BeginReloadAssembly (137ms)
			ExecutionOrderSort (0ms)
			DisableScriptedObjects (6ms)
			BackupInstance (0ms)
			ReleaseScriptingObjects (0ms)
			CreateAndSetChildDomain (35ms)
		EndReloadAssembly (1038ms)
			LoadAssemblies (93ms)
			RebuildTransferFunctionScriptingTraits (0ms)
			SetupTypeCache (433ms)
			ReleaseScriptCaches (1ms)
			RebuildScriptCaches (60ms)
			SetupLoadedEditorAssemblies (392ms)
				LogAssemblyErrors (0ms)
				InitializePlatformSupportModulesInManaged (28ms)
				SetLoadedEditorAssemblies (1ms)
				RefreshPlugins (1ms)
				BeforeProcessingInitializeOnLoad (98ms)
				ProcessInitializeOnLoadAttributes (228ms)
				ProcessInitializeOnLoadMethodAttributes (27ms)
				AfterProcessingInitializeOnLoad (9ms)
				EditorAssembliesLoaded (0ms)
			ExecutionOrderSort2 (0ms)
			AwakeInstancesAfterBackupRestoration (8ms)
Platform modules already initialized, skipping
Refreshing native plugins compatible for Editor in 1.75 ms, found 3 plugins.
Preloading 0 native plugins for Editor in 0.00 ms.
Unloading 3407 Unused Serialized files (Serialized files now loaded: 0)
Unloading 19 unused Assets / (50.0 KB). Loaded Objects now: 3917.
Memory consumption went from 122.5 MB to 122.5 MB.
Total: 3.085400 ms (FindLiveObjects: 0.238900 ms CreateObjectMapping: 0.139400 ms MarkObjects: 2.650300 ms  DeleteObjects: 0.056100 ms)

AssetImportParameters requested are different than current active one (requested -> active):
  custom:video-decoder-ogg-theora: a1e56fd34408186e4bbccfd4996cb3dc -> 
  custom:container-muxer-webm: aa71ff27fc2769a1b78a27578f13a17b -> 
  custom:container-demuxer-webm: 4f35f7cbe854078d1ac9338744f61a02 -> 
  custom:video-encoder-webm-vp8: eb34c28f22e8b96e1ab97ce403110664 -> 
  custom:audio-encoder-webm-vorbis: bf7c407c2cedff20999df2af8eb42d56 -> 
  custom:framework-win-MediaFoundation: 216162199b28c13a410421893ffa2e32 -> 
  custom:container-demuxer-ogg: 62fdf1f143b41e24485cea50d1cbac27 -> 
  custom:video-decoder-webm-vp8: 9c59270c3fd7afecdb556c50c9e8de78 -> 
  custom:audio-decoder-ogg-vorbis: bf7c407c2cedff20999df2af8eb42d56 -> 
========================================================================
Received Prepare
Registering precompiled user dll's ...
Registered in 0.007748 seconds.
Begin MonoManager ReloadAssembly
Symbol file LoadedFromMemory doesn't match image C:\Users\danif\Documents\GitHub\BlackJack\BlackJack\Library\PackageCache\com.unity.visualscripting@1.7.8\Editor\VisualScripting.Core\Dependencies\YamlDotNet\Unity.VisualScripting.YamlDotNet.dll
Symbol file LoadedFromMemory doesn't match image C:\Users\danif\Documents\GitHub\BlackJack\BlackJack\Library\PackageCache\com.unity.visualscripting@1.7.8\Editor\VisualScripting.Core\Dependencies\DotNetZip\Unity.VisualScripting.IonicZip.dll
Native extension for WindowsStandalone target not found
Native extension for Android target not found
Native extension for WebGL target not found
Refreshing native plugins compatible for Editor in 0.58 ms, found 3 plugins.
Preloading 0 native plugins for Editor in 0.00 ms.
Mono: successfully reloaded assembly
- Completed reload, in  1.289 seconds
Domain Reload Profiling:
	ReloadAssembly (1290ms)
		BeginReloadAssembly (141ms)
			ExecutionOrderSort (0ms)
			DisableScriptedObjects (6ms)
			BackupInstance (0ms)
			ReleaseScriptingObjects (0ms)
			CreateAndSetChildDomain (41ms)
		EndReloadAssembly (1036ms)
			LoadAssemblies (87ms)
			RebuildTransferFunctionScriptingTraits (0ms)
			SetupTypeCache (296ms)
			ReleaseScriptCaches (1ms)
			RebuildScriptCaches (41ms)
			SetupLoadedEditorAssemblies (538ms)
				LogAssemblyErrors (0ms)
				InitializePlatformSupportModulesInManaged (31ms)
				SetLoadedEditorAssemblies (1ms)
				RefreshPlugins (1ms)
				BeforeProcessingInitializeOnLoad (86ms)
				ProcessInitializeOnLoadAttributes (372ms)
				ProcessInitializeOnLoadMethodAttributes (36ms)
				AfterProcessingInitializeOnLoad (12ms)
				EditorAssembliesLoaded (0ms)
			ExecutionOrderSort2 (0ms)
			AwakeInstancesAfterBackupRestoration (10ms)
Platform modules already initialized, skipping
Refreshing native plugins compatible for Editor in 2.11 ms, found 3 plugins.
Preloading 0 native plugins for Editor in 0.00 ms.
Unloading 3407 Unused Serialized files (Serialized files now loaded: 0)
Unloading 19 unused Assets / (50.0 KB). Loaded Objects now: 3920.
Memory consumption went from 122.5 MB to 122.5 MB.
Total: 3.113500 ms (FindLiveObjects: 0.246000 ms CreateObjectMapping: 0.165900 ms MarkObjects: 2.635400 ms  DeleteObjects: 0.065500 ms)

AssetImportParameters requested are different than current active one (requested -> active):
  custom:video-decoder-ogg-theora: a1e56fd34408186e4bbccfd4996cb3dc -> 
  custom:container-muxer-webm: aa71ff27fc2769a1b78a27578f13a17b -> 
  custom:container-demuxer-webm: 4f35f7cbe854078d1ac9338744f61a02 -> 
  custom:video-encoder-webm-vp8: eb34c28f22e8b96e1ab97ce403110664 -> 
  custom:audio-encoder-webm-vorbis: bf7c407c2cedff20999df2af8eb42d56 -> 
  custom:framework-win-MediaFoundation: 216162199b28c13a410421893ffa2e32 -> 
  custom:container-demuxer-ogg: 62fdf1f143b41e24485cea50d1cbac27 -> 
  custom:video-decoder-webm-vp8: 9c59270c3fd7afecdb556c50c9e8de78 -> 
  custom:audio-decoder-ogg-vorbis: bf7c407c2cedff20999df2af8eb42d56 -> 
========================================================================
Received Prepare
Registering precompiled user dll's ...
Registered in 0.006577 seconds.
Begin MonoManager ReloadAssembly
Symbol file LoadedFromMemory doesn't match image C:\Users\danif\Documents\GitHub\BlackJack\BlackJack\Library\PackageCache\com.unity.visualscripting@1.7.8\Editor\VisualScripting.Core\Dependencies\YamlDotNet\Unity.VisualScripting.YamlDotNet.dll
Symbol file LoadedFromMemory doesn't match image C:\Users\danif\Documents\GitHub\BlackJack\BlackJack\Library\PackageCache\com.unity.visualscripting@1.7.8\Editor\VisualScripting.Core\Dependencies\DotNetZip\Unity.VisualScripting.IonicZip.dll
Native extension for WindowsStandalone target not found
Native extension for Android target not found
Native extension for WebGL target not found
Refreshing native plugins compatible for Editor in 0.54 ms, found 3 plugins.
Preloading 0 native plugins for Editor in 0.00 ms.
Mono: successfully reloaded assembly
- Completed reload, in  1.279 seconds
Domain Reload Profiling:
	ReloadAssembly (1280ms)
		BeginReloadAssembly (152ms)
			ExecutionOrderSort (0ms)
			DisableScriptedObjects (5ms)
			BackupInstance (0ms)
			ReleaseScriptingObjects (0ms)
			CreateAndSetChildDomain (36ms)
		EndReloadAssembly (1025ms)
			LoadAssemblies (104ms)
			RebuildTransferFunctionScriptingTraits (0ms)
			SetupTypeCache (280ms)
			ReleaseScriptCaches (1ms)
			RebuildScriptCaches (48ms)
			SetupLoadedEditorAssemblies (543ms)
				LogAssemblyErrors (0ms)
				InitializePlatformSupportModulesInManaged (33ms)
				SetLoadedEditorAssemblies (1ms)
				RefreshPlugins (1ms)
				BeforeProcessingInitializeOnLoad (97ms)
				ProcessInitializeOnLoadAttributes (370ms)
				ProcessInitializeOnLoadMethodAttributes (32ms)
				AfterProcessingInitializeOnLoad (10ms)
				EditorAssembliesLoaded (0ms)
			ExecutionOrderSort2 (0ms)
			AwakeInstancesAfterBackupRestoration (10ms)
Platform modules already initialized, skipping
Refreshing native plugins compatible for Editor in 2.50 ms, found 3 plugins.
Preloading 0 native plugins for Editor in 0.00 ms.
Unloading 3407 Unused Serialized files (Serialized files now loaded: 0)
Unloading 19 unused Assets / (49.9 KB). Loaded Objects now: 3923.
Memory consumption went from 122.5 MB to 122.5 MB.
Total: 3.324900 ms (FindLiveObjects: 0.294600 ms CreateObjectMapping: 0.182300 ms MarkObjects: 2.775900 ms  DeleteObjects: 0.071300 ms)

AssetImportParameters requested are different than current active one (requested -> active):
  custom:video-decoder-ogg-theora: a1e56fd34408186e4bbccfd4996cb3dc -> 
  custom:container-muxer-webm: aa71ff27fc2769a1b78a27578f13a17b -> 
  custom:container-demuxer-webm: 4f35f7cbe854078d1ac9338744f61a02 -> 
  custom:video-encoder-webm-vp8: eb34c28f22e8b96e1ab97ce403110664 -> 
  custom:audio-encoder-webm-vorbis: bf7c407c2cedff20999df2af8eb42d56 -> 
  custom:framework-win-MediaFoundation: 216162199b28c13a410421893ffa2e32 -> 
  custom:container-demuxer-ogg: 62fdf1f143b41e24485cea50d1cbac27 -> 
  custom:video-decoder-webm-vp8: 9c59270c3fd7afecdb556c50c9e8de78 -> 
  custom:audio-decoder-ogg-vorbis: bf7c407c2cedff20999df2af8eb42d56 -> 
========================================================================
Received Prepare
Registering precompiled user dll's ...
Registered in 0.006286 seconds.
Begin MonoManager ReloadAssembly
Symbol file LoadedFromMemory doesn't match image C:\Users\danif\Documents\GitHub\BlackJack\BlackJack\Library\PackageCache\com.unity.visualscripting@1.7.8\Editor\VisualScripting.Core\Dependencies\YamlDotNet\Unity.VisualScripting.YamlDotNet.dll
Symbol file LoadedFromMemory doesn't match image C:\Users\danif\Documents\GitHub\BlackJack\BlackJack\Library\PackageCache\com.unity.visualscripting@1.7.8\Editor\VisualScripting.Core\Dependencies\DotNetZip\Unity.VisualScripting.IonicZip.dll
Native extension for WindowsStandalone target not found
Native extension for Android target not found
Native extension for WebGL target not found
Refreshing native plugins compatible for Editor in 0.60 ms, found 3 plugins.
Preloading 0 native plugins for Editor in 0.00 ms.
Mono: successfully reloaded assembly
- Completed reload, in  1.254 seconds
Domain Reload Profiling:
	ReloadAssembly (1255ms)
		BeginReloadAssembly (133ms)
			ExecutionOrderSort (0ms)
			DisableScriptedObjects (6ms)
			BackupInstance (0ms)
			ReleaseScriptingObjects (0ms)
			CreateAndSetChildDomain (34ms)
		EndReloadAssembly (1020ms)
			LoadAssemblies (89ms)
			RebuildTransferFunctionScriptingTraits (0ms)
			SetupTypeCache (286ms)
			ReleaseScriptCaches (1ms)
			RebuildScriptCaches (41ms)
			SetupLoadedEditorAssemblies (549ms)
				LogAssemblyErrors (0ms)
				InitializePlatformSupportModulesInManaged (32ms)
				SetLoadedEditorAssemblies (1ms)
				RefreshPlugins (1ms)
				BeforeProcessingInitializeOnLoad (88ms)
				ProcessInitializeOnLoadAttributes (381ms)
				ProcessInitializeOnLoadMethodAttributes (36ms)
				AfterProcessingInitializeOnLoad (10ms)
				EditorAssembliesLoaded (0ms)
			ExecutionOrderSort2 (0ms)
			AwakeInstancesAfterBackupRestoration (10ms)
Platform modules already initialized, skipping
Refreshing native plugins compatible for Editor in 2.72 ms, found 3 plugins.
Preloading 0 native plugins for Editor in 0.00 ms.
Unloading 3407 Unused Serialized files (Serialized files now loaded: 0)
Unloading 19 unused Assets / (49.9 KB). Loaded Objects now: 3926.
Memory consumption went from 122.5 MB to 122.5 MB.
Total: 3.944600 ms (FindLiveObjects: 0.271200 ms CreateObjectMapping: 0.181100 ms MarkObjects: 3.415600 ms  DeleteObjects: 0.075700 ms)

AssetImportParameters requested are different than current active one (requested -> active):
  custom:video-decoder-ogg-theora: a1e56fd34408186e4bbccfd4996cb3dc -> 
  custom:container-muxer-webm: aa71ff27fc2769a1b78a27578f13a17b -> 
  custom:container-demuxer-webm: 4f35f7cbe854078d1ac9338744f61a02 -> 
  custom:video-encoder-webm-vp8: eb34c28f22e8b96e1ab97ce403110664 -> 
  custom:audio-encoder-webm-vorbis: bf7c407c2cedff20999df2af8eb42d56 -> 
  custom:framework-win-MediaFoundation: 216162199b28c13a410421893ffa2e32 -> 
  custom:container-demuxer-ogg: 62fdf1f143b41e24485cea50d1cbac27 -> 
  custom:video-decoder-webm-vp8: 9c59270c3fd7afecdb556c50c9e8de78 -> 
  custom:audio-decoder-ogg-vorbis: bf7c407c2cedff20999df2af8eb42d56 -> 
========================================================================
Received Import Request.
  Time since last request: 142.010305 seconds.
  path: Assets/Data/Scripts/Button
  artifactKey: Guid(e7dba17b3e0326a48b483aea6a8e30a0) Importer(815301076,1909f56bfc062723c751e8b465ee728b)
Start importing Assets/Data/Scripts/Button using Guid(e7dba17b3e0326a48b483aea6a8e30a0) Importer(815301076,1909f56bfc062723c751e8b465ee728b)  -> (artifact id: 'a9c7d1b392ba1c790c147bd3ac79c852') in 0.011259 seconds 
========================================================================
Received Import Request.
  Time since last request: 5.886388 seconds.
  path: Assets/Data/Prefabs/Buton.prefab
  artifactKey: Guid(fc13b2eb20fbbbc4980ad3dda8aaf420) Importer(815301076,1909f56bfc062723c751e8b465ee728b)
Start importing Assets/Data/Prefabs/Buton.prefab using Guid(fc13b2eb20fbbbc4980ad3dda8aaf420) Importer(815301076,1909f56bfc062723c751e8b465ee728b)  -> (artifact id: '894cf9822fb0d7d384387b1555fb8d54') in 0.037383 seconds 
========================================================================
Received Import Request.
  Time since last request: 91.021708 seconds.
  path: Assets/Data/Prefabs/Buton.prefab
  artifactKey: Guid(fc13b2eb20fbbbc4980ad3dda8aaf420) Importer(815301076,1909f56bfc062723c751e8b465ee728b)
Start importing Assets/Data/Prefabs/Buton.prefab using Guid(fc13b2eb20fbbbc4980ad3dda8aaf420) Importer(815301076,1909f56bfc062723c751e8b465ee728b)  -> (artifact id: 'ecf8d0e9956f6cfe824cf6be6e341900') in 0.005441 seconds 
========================================================================
Received Prepare
Registering precompiled user dll's ...
Registered in 0.007554 seconds.
Begin MonoManager ReloadAssembly
Symbol file LoadedFromMemory doesn't match image C:\Users\danif\Documents\GitHub\BlackJack\BlackJack\Library\PackageCache\com.unity.visualscripting@1.7.8\Editor\VisualScripting.Core\Dependencies\YamlDotNet\Unity.VisualScripting.YamlDotNet.dll
Symbol file LoadedFromMemory doesn't match image C:\Users\danif\Documents\GitHub\BlackJack\BlackJack\Library\PackageCache\com.unity.visualscripting@1.7.8\Editor\VisualScripting.Core\Dependencies\DotNetZip\Unity.VisualScripting.IonicZip.dll
Native extension for WindowsStandalone target not found
Native extension for Android target not found
Native extension for WebGL target not found
Refreshing native plugins compatible for Editor in 0.88 ms, found 3 plugins.
Preloading 0 native plugins for Editor in 0.00 ms.
Mono: successfully reloaded assembly
- Completed reload, in  1.286 seconds
Domain Reload Profiling:
	ReloadAssembly (1287ms)
		BeginReloadAssembly (140ms)
			ExecutionOrderSort (0ms)
			DisableScriptedObjects (5ms)
			BackupInstance (0ms)
			ReleaseScriptingObjects (0ms)
			CreateAndSetChildDomain (36ms)
		EndReloadAssembly (1041ms)
			LoadAssemblies (92ms)
			RebuildTransferFunctionScriptingTraits (0ms)
			SetupTypeCache (292ms)
			ReleaseScriptCaches (1ms)
			RebuildScriptCaches (51ms)
			SetupLoadedEditorAssemblies (542ms)
				LogAssemblyErrors (0ms)
				InitializePlatformSupportModulesInManaged (118ms)
				SetLoadedEditorAssemblies (1ms)
				RefreshPlugins (1ms)
				BeforeProcessingInitializeOnLoad (92ms)
				ProcessInitializeOnLoadAttributes (284ms)
				ProcessInitializeOnLoadMethodAttributes (36ms)
				AfterProcessingInitializeOnLoad (11ms)
				EditorAssembliesLoaded (0ms)
			ExecutionOrderSort2 (0ms)
			AwakeInstancesAfterBackupRestoration (8ms)
Platform modules already initialized, skipping
Refreshing native plugins compatible for Editor in 2.16 ms, found 3 plugins.
Preloading 0 native plugins for Editor in 0.00 ms.
Unloading 3407 Unused Serialized files (Serialized files now loaded: 0)
Unloading 22 unused Assets / (52.2 KB). Loaded Objects now: 3929.
Memory consumption went from 122.6 MB to 122.5 MB.
Total: 3.433900 ms (FindLiveObjects: 0.338000 ms CreateObjectMapping: 0.289600 ms MarkObjects: 2.720100 ms  DeleteObjects: 0.085400 ms)

AssetImportParameters requested are different than current active one (requested -> active):
  custom:video-decoder-ogg-theora: a1e56fd34408186e4bbccfd4996cb3dc -> 
  custom:container-muxer-webm: aa71ff27fc2769a1b78a27578f13a17b -> 
  custom:container-demuxer-webm: 4f35f7cbe854078d1ac9338744f61a02 -> 
  custom:video-encoder-webm-vp8: eb34c28f22e8b96e1ab97ce403110664 -> 
  custom:audio-encoder-webm-vorbis: bf7c407c2cedff20999df2af8eb42d56 -> 
  custom:framework-win-MediaFoundation: 216162199b28c13a410421893ffa2e32 -> 
  custom:container-demuxer-ogg: 62fdf1f143b41e24485cea50d1cbac27 -> 
  custom:video-decoder-webm-vp8: 9c59270c3fd7afecdb556c50c9e8de78 -> 
  custom:audio-decoder-ogg-vorbis: bf7c407c2cedff20999df2af8eb42d56 -> 
